{
  "RSpec": {
    "coverage": {
      "/Users/mcsurf/projects/0227/api_0227/app/mailers/application_mailer.rb": [
        0,
        0,
        0,
        0
      ],
      "/Users/mcsurf/projects/0227/api_0227/app/models/application_record.rb": [
        0,
        0,
        0
      ],
      "/Users/mcsurf/projects/0227/api_0227/app/jobs/application_job.rb": [
        0,
        null,
        null,
        null,
        null,
        null,
        0
      ],
      "/Users/mcsurf/projects/0227/api_0227/app/controllers/application_controller.rb": [
        0,
        0
      ],
      "/Users/mcsurf/projects/0227/api_0227/app/channels/application_cable/connection.rb": [
        0,
        0,
        0,
        0
      ],
      "/Users/mcsurf/projects/0227/api_0227/app/channels/application_cable/channel.rb": [
        0,
        0,
        0,
        0
      ]
    },
    "timestamp": 1613501108
  }
}
